<?xml version="1.0" encoding="UTF-8" ?>
<testsuite failures="0" time="3.796" errors="0" skipped="0" tests="4" name="org.zkbase.dao.test.RoleDaoTest">
  <properties>
[...]
</properties>
  <testcase time="3.328" classname="org.zkbase.dao.test.RoleDaoTest" name="testConfig"/>
  <testcase time="0.031" classname="org.zkbase.dao.test.RoleDaoTest" name="testDataAccess"/>
  <testcase time="0.094" classname="org.zkbase.dao.test.RoleDaoTest" name="testCRUD"/>
  <testcase time="0.14" classname="org.zkbase.dao.test.RoleDaoTest" name="testSearch"/>
</testsuite>